<?xml version="1.0" encoding="UTF-8" ?>
<testsuite tests="2" failures="1" name="service.BookingMgmtTest" time="0.108" errors="0" skipped="0">
  <properties>
    <property name="java.runtime.name" value="Java(TM) SE Runtime Environment"/>
    <property name="java.vm.version" value="15+36-1562"/>
    <property name="sun.boot.library.path" value="/Library/Java/JavaVirtualMachines/jdk-15.jdk/Contents/Home/lib"/>
    <property name="maven.multiModuleProjectDirectory" value="/Users/pranavasishmenon/CabBookingProject/cab_booking1/NetBeansProjects/cab_booking"/>
    <property name="java.vm.vendor" value="Oracle Corporation"/>
    <property name="java.vendor.url" value="https://java.oracle.com/"/>
    <property name="guice.disable.misplaced.annotation.check" value="true"/>
    <property name="path.separator" value=":"/>
    <property name="java.vm.name" value="Java HotSpot(TM) 64-Bit Server VM"/>
    <property name="user.country" value="IN"/>
    <property name="sun.java.launcher" value="SUN_STANDARD"/>
    <property name="test" value="service.BookingMgmtTest"/>
    <property name="java.vm.specification.name" value="Java Virtual Machine Specification"/>
    <property name="user.dir" value="/Users/pranavasishmenon/CabBookingProject/cab_booking1/NetBeansProjects/cab_booking"/>
    <property name="java.vm.compressedOopsMode" value="Zero based"/>
    <property name="java.runtime.version" value="15+36-1562"/>
    <property name="os.arch" value="x86_64"/>
    <property name="java.io.tmpdir" value="/var/folders/99/0gbyf5rj5n59r8q8x49zmhw80000gn/T/"/>
    <property name="line.separator" value="
"/>
    <property name="java.vm.specification.vendor" value="Oracle Corporation"/>
    <property name="os.name" value="Mac OS X"/>
    <property name="maven.ext.class.path" value="/Applications/NetBeans/Apache NetBeans 12.1.app/Contents/Resources/NetBeans/netbeans/java/maven-nblib/netbeans-eventspy.jar"/>
    <property name="classworlds.conf" value="/Applications/NetBeans/Apache NetBeans 12.1.app/Contents/Resources/NetBeans/netbeans/java/maven/bin/m2.conf"/>
    <property name="sun.jnu.encoding" value="UTF-8"/>
    <property name="java.library.path" value="/Users/pranavasishmenon/Library/Java/Extensions:/Library/Java/Extensions:/Network/Library/Java/Extensions:/System/Library/Java/Extensions:/usr/lib/java:."/>
    <property name="maven.conf" value="/Applications/NetBeans/Apache NetBeans 12.1.app/Contents/Resources/NetBeans/netbeans/java/maven/conf"/>
    <property name="jdk.debug" value="release"/>
    <property name="java.class.version" value="59.0"/>
    <property name="java.specification.name" value="Java Platform API Specification"/>
    <property name="sun.management.compiler" value="HotSpot 64-Bit Tiered Compilers"/>
    <property name="os.version" value="10.15.7"/>
    <property name="library.jansi.path" value="/Applications/NetBeans/Apache NetBeans 12.1.app/Contents/Resources/NetBeans/netbeans/java/maven/lib/jansi-native"/>
    <property name="user.home" value="/Users/pranavasishmenon"/>
    <property name="user.timezone" value="Asia/Kolkata"/>
    <property name="file.encoding" value="UTF-8"/>
    <property name="java.specification.version" value="15"/>
    <property name="user.name" value="pranavasishmenon"/>
    <property name="java.class.path" value="/Applications/NetBeans/Apache NetBeans 12.1.app/Contents/Resources/NetBeans/netbeans/java/maven/boot/plexus-classworlds-2.6.0.jar"/>
    <property name="java.vm.specification.version" value="15"/>
    <property name="sun.arch.data.model" value="64"/>
    <property name="sun.java.command" value="org.codehaus.plexus.classworlds.launcher.Launcher -Dtest=service.BookingMgmtTest -Dmaven.ext.class.path=/Applications/NetBeans/Apache NetBeans 12.1.app/Contents/Resources/NetBeans/netbeans/java/maven-nblib/netbeans-eventspy.jar test-compile surefire:test"/>
    <property name="java.home" value="/Library/Java/JavaVirtualMachines/jdk-15.jdk/Contents/Home"/>
    <property name="user.language" value="en"/>
    <property name="java.specification.vendor" value="Oracle Corporation"/>
    <property name="java.vm.info" value="mixed mode, sharing"/>
    <property name="java.version" value="15"/>
    <property name="java.vendor" value="Oracle Corporation"/>
    <property name="maven.home" value="/Applications/NetBeans/Apache NetBeans 12.1.app/Contents/Resources/NetBeans/netbeans/java/maven"/>
    <property name="file.separator" value="/"/>
    <property name="java.version.date" value="2020-09-15"/>
    <property name="java.vendor.url.bug" value="https://bugreport.java.com/bugreport/"/>
    <property name="sun.io.unicode.encoding" value="UnicodeBig"/>
    <property name="sun.cpu.endian" value="little"/>
  </properties>
  <testcase classname="service.BookingMgmtTest" name="service.BookingMgmtTest.testFindNearestCab" time="0.106">
    <failure message="Cannot invoke &quot;entity.Driver.isStatus()&quot; because the return value of &quot;java.util.concurrent.ConcurrentHashMap.get(Object)&quot; is null" type="java.lang.NullPointerException">java.lang.NullPointerException: Cannot invoke &quot;entity.Driver.isStatus()&quot; because the return value of &quot;java.util.concurrent.ConcurrentHashMap.get(Object)&quot; is null
	at service.BookingMgmt.lambda$findNearestCab$1(BookingMgmt.java:60)
	at java.base/java.util.stream.ReferencePipeline$2$1.accept(ReferencePipeline.java:176)
	at java.base/java.util.stream.ReferencePipeline$2$1.accept(ReferencePipeline.java:177)
	at java.base/java.util.concurrent.ConcurrentHashMap$EntrySpliterator.forEachRemaining(ConcurrentHashMap.java:3652)
	at java.base/java.util.stream.AbstractPipeline.copyInto(AbstractPipeline.java:484)
	at java.base/java.util.stream.AbstractPipeline.wrapAndCopyInto(AbstractPipeline.java:474)
	at java.base/java.util.stream.ReduceOps$ReduceOp.evaluateSequential(ReduceOps.java:913)
	at java.base/java.util.stream.AbstractPipeline.evaluate(AbstractPipeline.java:234)
	at java.base/java.util.stream.ReferencePipeline.collect(ReferencePipeline.java:578)
	at service.BookingMgmt.findNearestCab(BookingMgmt.java:62)
	at service.BookingMgmtTest.testFindNearestCab(BookingMgmtTest.java:73)
</failure>
    <system-out>Deserialising existing user map
Deserialized HashMap data{Pb3cfa54c-986a-40c8-a59e-d36dda1948cb=name:-&gt; qwe, phoneNo-&gt; 1234567890, avgRating-&gt; 0.0, location-&gt; lattitude = 1, longitude= 1, region= DELHI}
{Pb3cfa54c-986a-40c8-a59e-d36dda1948cb=name:-&gt; qwe, phoneNo-&gt; 1234567890, avgRating-&gt; 0.0, location-&gt; lattitude = 1, longitude= 1, region= DELHI}
Deserialising existing user booking map
Deserialized HashMap data{}
Deserialising existing dv map
Deserialized HashMap data{D518e253d-dd2c-4211-bfee-17042736f41e=VId: VB34bcc089-c3b4-42dd-b970-0868c0e6432b capacity: 2 base fare: 70.0 factor : 4.0, D53fef811-8935-4c3a-9ed9-068086b56228=VId: VA33fe3d10-b93e-43d6-a61c-3fcde618bd00 capacity: 3 base fare: 100.0 factor : 5.0}
Deserialising existing pay map
Deserialized HashMap data{}
Deserialising existing ride map
Deserialized HashMap data{}
name:-&gt; driver1, phoneNo-&gt; 5555555555, avgRating-&gt; 0.0, location-&gt; lattitude = 2, longitude= 2, region= DELHI, status=true
findNearestCab
A A
null
A A
name:-&gt; driver1, phoneNo-&gt; 5555555555, avgRating-&gt; 0.0, location-&gt; lattitude = 2, longitude= 2, region= DELHI, status=true
C A
name:-&gt; driver3, phoneNo-&gt; 5555555555, avgRating-&gt; 0.0, location-&gt; lattitude = 4, longitude= 4, region= DELHI, status=true
B A
null
B A
name:-&gt; driver2, phoneNo-&gt; 5555555555, avgRating-&gt; 0.0, location-&gt; lattitude = 3, longitude= 3, region= DELHI, status=true
</system-out>
  </testcase>
  <testcase classname="service.BookingMgmtTest" name="service.BookingMgmtTest.testCalculateFare" time="0.002"/>
</testsuite>